<?xml version="1.0" encoding="UTF-8"?>
<!-- Generated by org.testng.reporters.JUnitXMLReporter -->
<testsuite ignored="0" hostname="LAPTOP-TJBMSPDT" failures="0" tests="13" name="Default test" time="111.7" errors="0" timestamp="2025-05-30T17:34:12 IST">
  <testcase classname="automationFramework.InternshalaTest" name="login" time="12.484"/>
  <testcase classname="automationFramework.InternshalaTest" name="clickSocialIcons" time="10.681"/>
  <testcase classname="automationFramework.InternshalaTest" name="clickSocialIcons" time="10.395"/>
  <testcase classname="automationFramework.InternshalaTest" name="clickSocialIcons" time="10.479"/>
  <testcase classname="automationFramework.InternshalaTest" name="clickSocialIcons" time="11.087"/>
  <testcase classname="automationFramework.InternshalaTest" name="closeOtherTabs" time="0.018"/>
  <testcase classname="automationFramework.InternshalaTest" name="navigateToInternships" time="1.052"/>
  <testcase classname="automationFramework.InternshalaTest" name="selectCategory" time="10.41"/>
  <testcase classname="automationFramework.InternshalaTest" name="applyForInternship" time="12.249"/>
  <testcase classname="automationFramework.InternshalaTest" name="fillForm" time="10.072"/>
  <testcase classname="automationFramework.InternshalaTest" name="returnToInternships" time="10.058"/>
  <testcase classname="automationFramework.InternshalaTest" name="logout" time="10.242"/>
  <testcase classname="automationFramework.InternshalaTest" name="sampleTest" time="0.002"/>
</testsuite> <!-- Default test -->
