<?xml version="1.0" encoding="UTF-8"?>
<testng-results ignored="0" total="13" passed="13" failed="0" skipped="0">
  <reporter-output>
  </reporter-output>
  <suite started-at="2025-05-30T17:32:20 IST" name="Default suite" finished-at="2025-05-30T17:34:12 IST" duration-ms="111700">
    <groups>
    </groups>
    <test started-at="2025-05-30T17:32:20 IST" name="Default test" finished-at="2025-05-30T17:34:12 IST" duration-ms="111700">
      <class name="automationFramework.InternshalaTest">
        <test-method is-config="true" signature="setup()[pri:0, instance:automationFramework.InternshalaTest@fbd1f6]" started-at="2025-05-30T17:32:20 IST" name="setup" finished-at="2025-05-30T17:32:22 IST" duration-ms="1852" status="PASS">
          <reporter-output>
          </reporter-output>
        </test-method> <!-- setup -->
        <test-method signature="login()[pri:1, instance:automationFramework.InternshalaTest@fbd1f6]" started-at="2025-05-30T17:32:22 IST" name="login" finished-at="2025-05-30T17:32:34 IST" duration-ms="12484" status="PASS">
          <reporter-output>
          </reporter-output>
        </test-method> <!-- login -->
        <test-method signature="clickSocialIcons(java.lang.String)[pri:2, instance:automationFramework.InternshalaTest@fbd1f6]" started-at="2025-05-30T17:32:34 IST" name="clickSocialIcons" data-provider="iconProvider" finished-at="2025-05-30T17:32:45 IST" duration-ms="10681" status="PASS">
          <params>
            <param index="0">
              <value>
                <![CDATA[i.is-icon-instagram]]>
              </value>
            </param>
          </params>
          <reporter-output>
          </reporter-output>
        </test-method> <!-- clickSocialIcons -->
        <test-method signature="clickSocialIcons(java.lang.String)[pri:2, instance:automationFramework.InternshalaTest@fbd1f6]" started-at="2025-05-30T17:32:45 IST" name="clickSocialIcons" data-provider="iconProvider" finished-at="2025-05-30T17:32:55 IST" duration-ms="10395" status="PASS">
          <params>
            <param index="0">
              <value>
                <![CDATA[i.is-icon-twitter]]>
              </value>
            </param>
          </params>
          <reporter-output>
          </reporter-output>
        </test-method> <!-- clickSocialIcons -->
        <test-method signature="clickSocialIcons(java.lang.String)[pri:2, instance:automationFramework.InternshalaTest@fbd1f6]" started-at="2025-05-30T17:32:55 IST" name="clickSocialIcons" data-provider="iconProvider" finished-at="2025-05-30T17:33:06 IST" duration-ms="10479" status="PASS">
          <params>
            <param index="0">
              <value>
                <![CDATA[i.is-icon-youtube]]>
              </value>
            </param>
          </params>
          <reporter-output>
          </reporter-output>
        </test-method> <!-- clickSocialIcons -->
        <test-method signature="clickSocialIcons(java.lang.String)[pri:2, instance:automationFramework.InternshalaTest@fbd1f6]" started-at="2025-05-30T17:33:06 IST" name="clickSocialIcons" data-provider="iconProvider" finished-at="2025-05-30T17:33:17 IST" duration-ms="11087" status="PASS">
          <params>
            <param index="0">
              <value>
                <![CDATA[i.is-icon-linkedin]]>
              </value>
            </param>
          </params>
          <reporter-output>
          </reporter-output>
        </test-method> <!-- clickSocialIcons -->
        <test-method signature="closeOtherTabs()[pri:3, instance:automationFramework.InternshalaTest@fbd1f6]" started-at="2025-05-30T17:33:17 IST" name="closeOtherTabs" finished-at="2025-05-30T17:33:17 IST" duration-ms="18" status="PASS">
          <reporter-output>
          </reporter-output>
        </test-method> <!-- closeOtherTabs -->
        <test-method signature="navigateToInternships()[pri:4, instance:automationFramework.InternshalaTest@fbd1f6]" started-at="2025-05-30T17:33:17 IST" name="navigateToInternships" finished-at="2025-05-30T17:33:18 IST" duration-ms="1052" status="PASS">
          <reporter-output>
          </reporter-output>
        </test-method> <!-- navigateToInternships -->
        <test-method signature="selectCategory()[pri:5, instance:automationFramework.InternshalaTest@fbd1f6]" started-at="2025-05-30T17:33:18 IST" name="selectCategory" finished-at="2025-05-30T17:33:29 IST" duration-ms="10410" status="PASS">
          <reporter-output>
          </reporter-output>
        </test-method> <!-- selectCategory -->
        <test-method signature="applyForInternship()[pri:6, instance:automationFramework.InternshalaTest@fbd1f6]" started-at="2025-05-30T17:33:29 IST" name="applyForInternship" finished-at="2025-05-30T17:33:41 IST" duration-ms="12249" status="PASS">
          <reporter-output>
          </reporter-output>
        </test-method> <!-- applyForInternship -->
        <test-method signature="fillForm()[pri:7, instance:automationFramework.InternshalaTest@fbd1f6]" started-at="2025-05-30T17:33:41 IST" name="fillForm" finished-at="2025-05-30T17:33:51 IST" duration-ms="10072" status="PASS">
          <reporter-output>
          </reporter-output>
        </test-method> <!-- fillForm -->
        <test-method signature="returnToInternships()[pri:8, instance:automationFramework.InternshalaTest@fbd1f6]" started-at="2025-05-30T17:33:51 IST" name="returnToInternships" finished-at="2025-05-30T17:34:01 IST" duration-ms="10058" status="PASS">
          <reporter-output>
          </reporter-output>
        </test-method> <!-- returnToInternships -->
        <test-method signature="logout()[pri:9, instance:automationFramework.InternshalaTest@fbd1f6]" started-at="2025-05-30T17:34:01 IST" name="logout" finished-at="2025-05-30T17:34:11 IST" duration-ms="10242" status="PASS">
          <reporter-output>
          </reporter-output>
        </test-method> <!-- logout -->
        <test-method signature="sampleTest()[pri:10, instance:automationFramework.InternshalaTest@fbd1f6]" started-at="2025-05-30T17:34:11 IST" name="sampleTest" finished-at="2025-05-30T17:34:11 IST" duration-ms="2" status="PASS">
          <reporter-output>
          </reporter-output>
        </test-method> <!-- sampleTest -->
        <test-method is-config="true" signature="tearDown()[pri:0, instance:automationFramework.InternshalaTest@fbd1f6]" started-at="2025-05-30T17:34:11 IST" name="tearDown" finished-at="2025-05-30T17:34:12 IST" duration-ms="505" status="PASS">
          <reporter-output>
          </reporter-output>
        </test-method> <!-- tearDown -->
      </class> <!-- automationFramework.InternshalaTest -->
    </test> <!-- Default test -->
  </suite> <!-- Default suite -->
</testng-results>
